<?xml version="1.0" encoding="UTF-8"?>
<testng-results skipped="0" failed="0" total="0" passed="0">
  <reporter-output>
  </reporter-output>
  <suite name="myOwnFWGID.myOwnFWAID.AppTest" duration-ms="2" started-at="2017-02-20T11:41:27Z" finished-at="2017-02-20T11:41:27Z">
    <groups>
    </groups>
    <test name="Command line test" duration-ms="2" started-at="2017-02-20T11:41:27Z" finished-at="2017-02-20T11:41:27Z">
    </test> <!-- Command line test -->
  </suite> <!-- myOwnFWGID.myOwnFWAID.AppTest -->
</testng-results>
